<?xml version="1.0" encoding="UTF-8"?>
<testsuite xmlns:xsi="http://www.w3.org/2001/XMLSchema-instance" xsi:noNamespaceSchemaLocation="https://maven.apache.org/surefire/maven-surefire-plugin/xsd/surefire-test-report-3.0.xsd" version="3.0" name="com.codemdg.strtokens.StringTokensTest" time="0.079" tests="1" errors="0" skipped="0" failures="0">
  <properties>
    <property name="java.specification.version" value="24"/>
    <property name="sun.jnu.encoding" value="UTF-8"/>
    <property name="java.class.path" value="/home/codemdg/projects/java/hackerrank-problem-solving/target/test-classes:/home/codemdg/projects/java/hackerrank-problem-solving/target/classes:/home/codemdg/.m2/repository/junit/junit/4.13.2/junit-4.13.2.jar:/home/codemdg/.m2/repository/org/hamcrest/hamcrest-core/1.3/hamcrest-core-1.3.jar:"/>
    <property name="java.vm.vendor" value="Oracle Corporation"/>
    <property name="sun.arch.data.model" value="64"/>
    <property name="java.vendor.url" value="https://java.oracle.com/"/>
    <property name="os.name" value="Linux"/>
    <property name="java.vm.specification.version" value="24"/>
    <property name="sun.java.launcher" value="SUN_STANDARD"/>
    <property name="user.country" value="US"/>
    <property name="sun.boot.library.path" value="/usr/lib/jvm/jdk-24.0.1-oracle-x64/lib"/>
    <property name="sun.java.command" value="/home/codemdg/projects/java/hackerrank-problem-solving/target/surefire/surefirebooter-20250703143813682_3.jar /home/codemdg/projects/java/hackerrank-problem-solving/target/surefire 2025-07-03T14-38-13_614-jvmRun1 surefire-20250703143813682_1tmp surefire_0-20250703143813682_2tmp"/>
    <property name="jdk.debug" value="release"/>
    <property name="test" value="com.codemdg.strtokens.StringTokensTest#testInput04"/>
    <property name="surefire.test.class.path" value="/home/codemdg/projects/java/hackerrank-problem-solving/target/test-classes:/home/codemdg/projects/java/hackerrank-problem-solving/target/classes:/home/codemdg/.m2/repository/junit/junit/4.13.2/junit-4.13.2.jar:/home/codemdg/.m2/repository/org/hamcrest/hamcrest-core/1.3/hamcrest-core-1.3.jar:"/>
    <property name="sun.cpu.endian" value="little"/>
    <property name="user.home" value="/home/codemdg"/>
    <property name="user.language" value="en"/>
    <property name="java.specification.vendor" value="Oracle Corporation"/>
    <property name="java.version.date" value="2025-04-15"/>
    <property name="java.home" value="/usr/lib/jvm/jdk-24.0.1-oracle-x64"/>
    <property name="file.separator" value="/"/>
    <property name="basedir" value="/home/codemdg/projects/java/hackerrank-problem-solving"/>
    <property name="java.vm.compressedOopsMode" value="32-bit"/>
    <property name="line.separator" value="&#10;"/>
    <property name="java.specification.name" value="Java Platform API Specification"/>
    <property name="java.vm.specification.vendor" value="Oracle Corporation"/>
    <property name="surefire.real.class.path" value="/home/codemdg/projects/java/hackerrank-problem-solving/target/surefire/surefirebooter-20250703143813682_3.jar"/>
    <property name="sun.management.compiler" value="HotSpot 64-Bit Tiered Compilers"/>
    <property name="java.runtime.version" value="24.0.1+9-30"/>
    <property name="user.name" value="codemdg"/>
    <property name="stdout.encoding" value="UTF-8"/>
    <property name="path.separator" value=":"/>
    <property name="os.version" value="5.15.167.4-microsoft-standard-WSL2"/>
    <property name="java.runtime.name" value="Java(TM) SE Runtime Environment"/>
    <property name="file.encoding" value="UTF-8"/>
    <property name="java.vm.name" value="Java HotSpot(TM) 64-Bit Server VM"/>
    <property name="localRepository" value="/home/codemdg/.m2/repository"/>
    <property name="java.vendor.url.bug" value="https://bugreport.java.com/bugreport/"/>
    <property name="java.io.tmpdir" value="/tmp"/>
    <property name="java.version" value="24.0.1"/>
    <property name="user.dir" value="/home/codemdg/projects/java/hackerrank-problem-solving"/>
    <property name="os.arch" value="amd64"/>
    <property name="java.vm.specification.name" value="Java Virtual Machine Specification"/>
    <property name="native.encoding" value="UTF-8"/>
    <property name="java.library.path" value="/usr/java/packages/lib:/usr/lib64:/lib64:/lib:/usr/lib"/>
    <property name="java.vm.info" value="mixed mode, sharing"/>
    <property name="stderr.encoding" value="UTF-8"/>
    <property name="java.vendor" value="Oracle Corporation"/>
    <property name="java.vm.version" value="24.0.1+9-30"/>
    <property name="sun.io.unicode.encoding" value="UnicodeLittle"/>
    <property name="java.class.version" value="68.0"/>
  </properties>
  <testcase name="testInput04" classname="com.codemdg.strtokens.StringTokensTest" time="0.044">
    <system-out><![CDATA[475
Good
luck
with
this
case
h
jrkjc
c
l
m
e
i
vct
h
ss
pqk
v
i
olf
tuoej
p
r
jrpjpuo
a
udc
mu
tk
g
dc
j
o
mui
brljn
jv
p
rsklqu
p
a
lv
l
n
dl
quo
cml
pld
qf
l
s
t
nb
ud
j
etc
q
a
j
f
ugc
eer
c
ci
de
lm
p
iwk
nwa
e
su
s
u
ga
l
w
xlkod
f
e
v
oo
ukaa
v
t
xe
j
cl
vmh
hi
tl
xa
aw
ugeibo
c
r
oo
v
qte
ri
elbf
ibg
qk
i
m
nm
s
ainis
s
u
m
rhd
fgi
h
v
mji
tu
oj
t
c
d
x
hxtp
a
bf
xj
l
j
ela
wuj
is
pj
gu
fs
e
o
v
i
s
s
i
b
k
kab
tw
im
c
vlud
k
ki
e
ft
gpcf
t
g
k
m
c
r
snv
w
b
rw
hwoh
dfl
hn
u
cb
ep
ucsse
j
a
d
h
q
p
w
q
rjp
tln
j
vofvwg
sj
rx
pur
l
dx
vo
b
lk
sljnm
k
xox
i
cv
va
l
du
toe
sdwx
g
c
s
uded
gw
od
tqsv
v
t
v
fnl
o
amka
ll
x
s
q
a
frs
s
ltubs
wdjfdrf
x
jk
jgkb
d
s
d
k
n
m
sedwkpe
ev
h
icr
ggqxvap
j
g
hva
o
kja
q
j
j
q
ra
iak
c
u
vqnf
thfw
wx
ccn
mox
sp
do
u
r
ei
ifah
nl
u
g
m
qipu
r
c
e
ws
op
hng
fbp
fr
vle
qh
d
fv
okcei
p
e
oal
a
nsxi
g
to
w
x
qfvv
sr
cjmo
kchrkonuc
f
ush
wd
xptas
rfrt
o
llgwf
jclpl
wmt
h
r
rv
o
lhnxnbf
h
fqfnla
pft
n
b
uu
tbba
sl
u
ij
f
i
jox
xu
ext
p
gs
un
dc
fx
p
o
kh
rl
l
j
nkgevg
xdrq
q
s
wv
umu
olw
jaidu
ilpr
e
fc
qcr
p
htpn
g
xt
d
d
uqk
cp
cts
jkg
e
i
op
j
utt
rf
gvm
t
qgjr
r
r
s
cpc
m
n
a
wde
pcg
v
e
ioek
nlc
fh
ahk
ei
ejmp
d
fq
enmeoesu
skntwnolsx
j
bt
bgb
dhtt
r
jcl
mdh
i
kr
m
jcl
fgix
gq
enpuk
n
g
rl
i
ei
xedl
o
h
e
a
x
wjp
uge
h
w
g
wb
dg
wlkxli
qi
x
ff
eq
gbe
bakb
m
c
p
aos
vv
c
m
labuj
r
s
t
oign
xwn
a
c
ffwpic
wck
gmkahnse
si
q
viev
a
ndfg
f
p
utcumoxb
kgd
m
n
g
gnk
b
i
rr
x
x
uxx
g
p
af
s
piu
hgs
o
kpmrltmrqe
s
m
mbjfnxq
p
g
f
i
v
l
wc
u
ij
]]></system-out>
  </testcase>
</testsuite>